mode: atomic
github.com/chrisdoc/monkey/parser/parser.go:17.34,22.2 4 0
github.com/chrisdoc/monkey/parser/parser.go:24.30,27.2 2 0
github.com/chrisdoc/monkey/parser/parser.go:29.46,33.31 3 0
github.com/chrisdoc/monkey/parser/parser.go:40.2,40.16 1 0
github.com/chrisdoc/monkey/parser/parser.go:33.31,35.18 2 0
github.com/chrisdoc/monkey/parser/parser.go:38.3,38.16 1 0
github.com/chrisdoc/monkey/parser/parser.go:35.18,37.4 1 0
github.com/chrisdoc/monkey/parser/parser.go:43.49,44.25 1 0
github.com/chrisdoc/monkey/parser/parser.go:45.17,46.31 1 0
github.com/chrisdoc/monkey/parser/parser.go:47.20,48.34 1 0
github.com/chrisdoc/monkey/parser/parser.go:49.10,50.13 1 0
github.com/chrisdoc/monkey/parser/parser.go:54.62,58.37 3 0
github.com/chrisdoc/monkey/parser/parser.go:61.2,61.13 1 0
github.com/chrisdoc/monkey/parser/parser.go:58.37,60.3 1 0
github.com/chrisdoc/monkey/parser/parser.go:64.56,67.32 2 0
github.com/chrisdoc/monkey/parser/parser.go:71.2,73.33 2 0
github.com/chrisdoc/monkey/parser/parser.go:77.2,77.37 1 0
github.com/chrisdoc/monkey/parser/parser.go:81.2,81.13 1 0
github.com/chrisdoc/monkey/parser/parser.go:67.32,69.3 1 0
github.com/chrisdoc/monkey/parser/parser.go:73.33,75.3 1 0
github.com/chrisdoc/monkey/parser/parser.go:77.37,79.3 1 0
github.com/chrisdoc/monkey/parser/parser.go:84.53,86.2 1 0
github.com/chrisdoc/monkey/parser/parser.go:88.54,90.2 1 0
github.com/chrisdoc/monkey/parser/parser.go:92.53,93.22 1 0
github.com/chrisdoc/monkey/parser/parser.go:93.22,96.3 2 0
github.com/chrisdoc/monkey/parser/parser.go:96.8,99.3 2 0
github.com/chrisdoc/monkey/parser/parser.go:102.36,104.2 1 0
github.com/chrisdoc/monkey/parser/parser.go:106.47,109.2 2 0
github.com/chrisdoc/monkey/ast/ast.go:27.41,28.27 1 0
github.com/chrisdoc/monkey/ast/ast.go:28.27,30.3 1 0
github.com/chrisdoc/monkey/ast/ast.go:30.8,32.3 1 0
github.com/chrisdoc/monkey/ast/ast.go:35.35,37.33 2 1
github.com/chrisdoc/monkey/ast/ast.go:40.2,40.21 1 1
github.com/chrisdoc/monkey/ast/ast.go:37.33,39.3 1 1
github.com/chrisdoc/monkey/ast/ast.go:49.42,51.2 0 0
github.com/chrisdoc/monkey/ast/ast.go:53.47,55.2 1 1
github.com/chrisdoc/monkey/ast/ast.go:57.41,64.21 5 1
github.com/chrisdoc/monkey/ast/ast.go:68.2,69.21 2 1
github.com/chrisdoc/monkey/ast/ast.go:64.21,66.3 1 1
github.com/chrisdoc/monkey/ast/ast.go:77.40,77.41 0 0
github.com/chrisdoc/monkey/ast/ast.go:79.44,81.2 1 0
github.com/chrisdoc/monkey/ast/ast.go:83.38,83.56 1 2
github.com/chrisdoc/monkey/ast/ast.go:90.45,90.46 0 0
github.com/chrisdoc/monkey/ast/ast.go:92.50,94.2 1 0
github.com/chrisdoc/monkey/ast/ast.go:96.44,101.27 3 0
github.com/chrisdoc/monkey/ast/ast.go:105.2,107.21 2 0
github.com/chrisdoc/monkey/ast/ast.go:101.27,103.3 1 0
github.com/chrisdoc/monkey/ast/ast.go:115.49,115.50 0 0
github.com/chrisdoc/monkey/ast/ast.go:116.54,118.2 1 0
github.com/chrisdoc/monkey/ast/ast.go:120.48,121.26 1 0
github.com/chrisdoc/monkey/ast/ast.go:124.2,124.11 1 0
github.com/chrisdoc/monkey/ast/ast.go:121.26,123.3 1 0
github.com/chrisdoc/monkey/token/token.go:61.42,62.36 1 0
github.com/chrisdoc/monkey/token/token.go:65.2,65.14 1 0
github.com/chrisdoc/monkey/token/token.go:62.36,64.3 1 0
github.com/chrisdoc/monkey/lexer/lexer.go:12.31,16.2 3 0
github.com/chrisdoc/monkey/lexer/lexer.go:18.41,23.14 3 0
github.com/chrisdoc/monkey/lexer/lexer.go:82.2,83.12 2 0
github.com/chrisdoc/monkey/lexer/lexer.go:24.11,25.26 1 0
github.com/chrisdoc/monkey/lexer/lexer.go:33.11,34.40 1 0
github.com/chrisdoc/monkey/lexer/lexer.go:35.11,36.37 1 0
github.com/chrisdoc/monkey/lexer/lexer.go:37.11,38.37 1 0
github.com/chrisdoc/monkey/lexer/lexer.go:39.11,40.37 1 0
github.com/chrisdoc/monkey/lexer/lexer.go:41.11,42.37 1 0
github.com/chrisdoc/monkey/lexer/lexer.go:43.11,44.36 1 0
github.com/chrisdoc/monkey/lexer/lexer.go:45.11,46.35 1 0
github.com/chrisdoc/monkey/lexer/lexer.go:47.11,48.36 1 0
github.com/chrisdoc/monkey/lexer/lexer.go:49.11,50.26 1 0
github.com/chrisdoc/monkey/lexer/lexer.go:58.11,59.39 1 0
github.com/chrisdoc/monkey/lexer/lexer.go:60.11,61.36 1 0
github.com/chrisdoc/monkey/lexer/lexer.go:62.11,63.33 1 0
github.com/chrisdoc/monkey/lexer/lexer.go:64.11,65.33 1 0
github.com/chrisdoc/monkey/lexer/lexer.go:66.9,68.23 2 0
github.com/chrisdoc/monkey/lexer/lexer.go:69.10,70.21 1 0
github.com/chrisdoc/monkey/lexer/lexer.go:25.26,30.4 4 0
github.com/chrisdoc/monkey/lexer/lexer.go:30.9,32.4 1 0
github.com/chrisdoc/monkey/lexer/lexer.go:50.26,55.4 4 0
github.com/chrisdoc/monkey/lexer/lexer.go:55.9,57.4 1 0
github.com/chrisdoc/monkey/lexer/lexer.go:70.21,74.4 3 0
github.com/chrisdoc/monkey/lexer/lexer.go:74.9,74.27 1 0
github.com/chrisdoc/monkey/lexer/lexer.go:74.27,78.4 3 0
github.com/chrisdoc/monkey/lexer/lexer.go:78.9,80.4 1 0
github.com/chrisdoc/monkey/lexer/lexer.go:86.37,88.20 2 0
github.com/chrisdoc/monkey/lexer/lexer.go:91.2,91.37 1 0
github.com/chrisdoc/monkey/lexer/lexer.go:88.20,90.3 1 0
github.com/chrisdoc/monkey/lexer/lexer.go:95.41,97.21 2 0
github.com/chrisdoc/monkey/lexer/lexer.go:100.2,100.37 1 0
github.com/chrisdoc/monkey/lexer/lexer.go:97.21,99.3 1 0
github.com/chrisdoc/monkey/lexer/lexer.go:103.28,104.36 1 0
github.com/chrisdoc/monkey/lexer/lexer.go:109.2,110.18 2 0
github.com/chrisdoc/monkey/lexer/lexer.go:104.36,106.3 1 0
github.com/chrisdoc/monkey/lexer/lexer.go:106.8,108.3 1 0
github.com/chrisdoc/monkey/lexer/lexer.go:113.33,114.36 1 0
github.com/chrisdoc/monkey/lexer/lexer.go:114.36,116.3 1 0
github.com/chrisdoc/monkey/lexer/lexer.go:116.8,118.3 1 0
github.com/chrisdoc/monkey/lexer/lexer.go:121.34,122.66 1 0
github.com/chrisdoc/monkey/lexer/lexer.go:122.66,124.3 1 0
github.com/chrisdoc/monkey/lexer/lexer.go:127.29,129.2 1 0
github.com/chrisdoc/monkey/lexer/lexer.go:131.28,133.2 1 0
github.com/chrisdoc/monkey/lexer/lexer.go:135.63,137.2 1 0
github.com/chrisdoc/monkey/repl/repl.go:13.41,15.6 2 0
github.com/chrisdoc/monkey/repl/repl.go:15.6,18.15 3 0
github.com/chrisdoc/monkey/repl/repl.go:21.3,23.72 3 0
github.com/chrisdoc/monkey/repl/repl.go:18.15,20.4 1 0
github.com/chrisdoc/monkey/repl/repl.go:23.72,25.4 1 0
github.com/chrisdoc/monkey/main.go:10.13,12.16 2 0
github.com/chrisdoc/monkey/main.go:16.2,18.33 3 0
github.com/chrisdoc/monkey/main.go:12.16,13.13 1 0
github.com/chrisdoc/monkey/parser/parser.go:17.34,22.2 4 2
github.com/chrisdoc/monkey/parser/parser.go:24.30,27.2 2 28
github.com/chrisdoc/monkey/parser/parser.go:29.46,33.31 3 2
github.com/chrisdoc/monkey/parser/parser.go:40.2,40.16 1 2
github.com/chrisdoc/monkey/parser/parser.go:33.31,35.18 2 6
github.com/chrisdoc/monkey/parser/parser.go:38.3,38.16 1 6
github.com/chrisdoc/monkey/parser/parser.go:35.18,37.4 1 6
github.com/chrisdoc/monkey/parser/parser.go:43.49,44.25 1 6
github.com/chrisdoc/monkey/parser/parser.go:45.17,46.31 1 3
github.com/chrisdoc/monkey/parser/parser.go:47.20,48.34 1 3
github.com/chrisdoc/monkey/parser/parser.go:49.10,50.13 1 0
github.com/chrisdoc/monkey/parser/parser.go:54.62,58.37 3 3
github.com/chrisdoc/monkey/parser/parser.go:61.2,61.13 1 3
github.com/chrisdoc/monkey/parser/parser.go:58.37,60.3 1 3
github.com/chrisdoc/monkey/parser/parser.go:64.56,67.32 2 3
github.com/chrisdoc/monkey/parser/parser.go:71.2,73.33 2 3
github.com/chrisdoc/monkey/parser/parser.go:77.2,77.37 1 3
github.com/chrisdoc/monkey/parser/parser.go:81.2,81.13 1 3
github.com/chrisdoc/monkey/parser/parser.go:67.32,69.3 1 0
github.com/chrisdoc/monkey/parser/parser.go:73.33,75.3 1 0
github.com/chrisdoc/monkey/parser/parser.go:77.37,79.3 1 6
github.com/chrisdoc/monkey/parser/parser.go:84.53,86.2 1 23
github.com/chrisdoc/monkey/parser/parser.go:88.54,90.2 1 6
github.com/chrisdoc/monkey/parser/parser.go:92.53,93.22 1 6
github.com/chrisdoc/monkey/parser/parser.go:93.22,96.3 2 6
github.com/chrisdoc/monkey/parser/parser.go:96.8,99.3 2 0
github.com/chrisdoc/monkey/parser/parser.go:102.36,104.2 1 2
github.com/chrisdoc/monkey/parser/parser.go:106.47,109.2 2 0
github.com/chrisdoc/monkey/token/token.go:61.42,62.36 1 9
github.com/chrisdoc/monkey/token/token.go:65.2,65.14 1 3
github.com/chrisdoc/monkey/token/token.go:62.36,64.3 1 6
github.com/chrisdoc/monkey/lexer/lexer.go:12.31,16.2 3 2
github.com/chrisdoc/monkey/lexer/lexer.go:18.41,23.14 3 28
github.com/chrisdoc/monkey/lexer/lexer.go:82.2,83.12 2 13
github.com/chrisdoc/monkey/lexer/lexer.go:24.11,25.26 1 3
github.com/chrisdoc/monkey/lexer/lexer.go:33.11,34.40 1 6
github.com/chrisdoc/monkey/lexer/lexer.go:35.11,36.37 1 0
github.com/chrisdoc/monkey/lexer/lexer.go:37.11,38.37 1 0
github.com/chrisdoc/monkey/lexer/lexer.go:39.11,40.37 1 0
github.com/chrisdoc/monkey/lexer/lexer.go:41.11,42.37 1 0
github.com/chrisdoc/monkey/lexer/lexer.go:43.11,44.36 1 0
github.com/chrisdoc/monkey/lexer/lexer.go:45.11,46.35 1 0
github.com/chrisdoc/monkey/lexer/lexer.go:47.11,48.36 1 0
github.com/chrisdoc/monkey/lexer/lexer.go:49.11,50.26 1 0
github.com/chrisdoc/monkey/lexer/lexer.go:58.11,59.39 1 0
github.com/chrisdoc/monkey/lexer/lexer.go:60.11,61.36 1 0
github.com/chrisdoc/monkey/lexer/lexer.go:62.11,63.33 1 0
github.com/chrisdoc/monkey/lexer/lexer.go:64.11,65.33 1 0
github.com/chrisdoc/monkey/lexer/lexer.go:66.9,68.23 2 4
github.com/chrisdoc/monkey/lexer/lexer.go:69.10,70.21 1 15
github.com/chrisdoc/monkey/lexer/lexer.go:25.26,30.4 4 0
github.com/chrisdoc/monkey/lexer/lexer.go:30.9,32.4 1 3
github.com/chrisdoc/monkey/lexer/lexer.go:50.26,55.4 4 0
github.com/chrisdoc/monkey/lexer/lexer.go:55.9,57.4 1 0
github.com/chrisdoc/monkey/lexer/lexer.go:70.21,74.4 3 9
github.com/chrisdoc/monkey/lexer/lexer.go:74.9,74.27 1 6
github.com/chrisdoc/monkey/lexer/lexer.go:74.27,78.4 3 6
github.com/chrisdoc/monkey/lexer/lexer.go:78.9,80.4 1 0
github.com/chrisdoc/monkey/lexer/lexer.go:86.37,88.20 2 6
github.com/chrisdoc/monkey/lexer/lexer.go:91.2,91.37 1 6
github.com/chrisdoc/monkey/lexer/lexer.go:88.20,90.3 1 18
github.com/chrisdoc/monkey/lexer/lexer.go:95.41,97.21 2 9
github.com/chrisdoc/monkey/lexer/lexer.go:100.2,100.37 1 9
github.com/chrisdoc/monkey/lexer/lexer.go:97.21,99.3 1 35
github.com/chrisdoc/monkey/lexer/lexer.go:103.28,104.36 1 96
github.com/chrisdoc/monkey/lexer/lexer.go:109.2,110.18 2 96
github.com/chrisdoc/monkey/lexer/lexer.go:104.36,106.3 1 6
github.com/chrisdoc/monkey/lexer/lexer.go:106.8,108.3 1 90
github.com/chrisdoc/monkey/lexer/lexer.go:113.33,114.36 1 3
github.com/chrisdoc/monkey/lexer/lexer.go:114.36,116.3 1 0
github.com/chrisdoc/monkey/lexer/lexer.go:116.8,118.3 1 3
github.com/chrisdoc/monkey/lexer/lexer.go:121.34,122.66 1 28
github.com/chrisdoc/monkey/lexer/lexer.go:122.66,124.3 1 28
github.com/chrisdoc/monkey/lexer/lexer.go:127.29,129.2 1 59
github.com/chrisdoc/monkey/lexer/lexer.go:131.28,133.2 1 30
github.com/chrisdoc/monkey/lexer/lexer.go:135.63,137.2 1 9
github.com/chrisdoc/monkey/repl/repl.go:13.41,15.6 2 0
github.com/chrisdoc/monkey/repl/repl.go:15.6,18.15 3 0
github.com/chrisdoc/monkey/repl/repl.go:21.3,23.72 3 0
github.com/chrisdoc/monkey/repl/repl.go:18.15,20.4 1 0
github.com/chrisdoc/monkey/repl/repl.go:23.72,25.4 1 0
github.com/chrisdoc/monkey/main.go:10.13,12.16 2 0
github.com/chrisdoc/monkey/main.go:16.2,18.33 3 0
github.com/chrisdoc/monkey/main.go:12.16,13.13 1 0
github.com/chrisdoc/monkey/ast/ast.go:27.41,28.27 1 0
github.com/chrisdoc/monkey/ast/ast.go:28.27,30.3 1 0
github.com/chrisdoc/monkey/ast/ast.go:30.8,32.3 1 0
github.com/chrisdoc/monkey/ast/ast.go:35.35,37.33 2 0
github.com/chrisdoc/monkey/ast/ast.go:40.2,40.21 1 0
github.com/chrisdoc/monkey/ast/ast.go:37.33,39.3 1 0
github.com/chrisdoc/monkey/ast/ast.go:49.42,51.2 0 0
github.com/chrisdoc/monkey/ast/ast.go:53.47,55.2 1 3
github.com/chrisdoc/monkey/ast/ast.go:57.41,64.21 5 0
github.com/chrisdoc/monkey/ast/ast.go:68.2,69.21 2 0
github.com/chrisdoc/monkey/ast/ast.go:64.21,66.3 1 0
github.com/chrisdoc/monkey/ast/ast.go:77.40,77.41 0 0
github.com/chrisdoc/monkey/ast/ast.go:79.44,81.2 1 3
github.com/chrisdoc/monkey/ast/ast.go:83.38,83.56 1 0
github.com/chrisdoc/monkey/ast/ast.go:90.45,90.46 0 0
github.com/chrisdoc/monkey/ast/ast.go:92.50,94.2 1 3
github.com/chrisdoc/monkey/ast/ast.go:96.44,101.27 3 0
github.com/chrisdoc/monkey/ast/ast.go:105.2,107.21 2 0
github.com/chrisdoc/monkey/ast/ast.go:101.27,103.3 1 0
github.com/chrisdoc/monkey/ast/ast.go:115.49,115.50 0 0
github.com/chrisdoc/monkey/ast/ast.go:116.54,118.2 1 0
github.com/chrisdoc/monkey/ast/ast.go:120.48,121.26 1 0
github.com/chrisdoc/monkey/ast/ast.go:124.2,124.11 1 0
github.com/chrisdoc/monkey/ast/ast.go:121.26,123.3 1 0
github.com/chrisdoc/monkey/main.go:10.13,12.16 2 0
github.com/chrisdoc/monkey/main.go:16.2,18.33 3 0
github.com/chrisdoc/monkey/main.go:12.16,13.13 1 0
github.com/chrisdoc/monkey/ast/ast.go:27.41,28.27 1 0
github.com/chrisdoc/monkey/ast/ast.go:28.27,30.3 1 0
github.com/chrisdoc/monkey/ast/ast.go:30.8,32.3 1 0
github.com/chrisdoc/monkey/ast/ast.go:35.35,37.33 2 0
github.com/chrisdoc/monkey/ast/ast.go:40.2,40.21 1 0
github.com/chrisdoc/monkey/ast/ast.go:37.33,39.3 1 0
github.com/chrisdoc/monkey/ast/ast.go:49.42,51.2 0 0
github.com/chrisdoc/monkey/ast/ast.go:53.47,55.2 1 0
github.com/chrisdoc/monkey/ast/ast.go:57.41,64.21 5 0
github.com/chrisdoc/monkey/ast/ast.go:68.2,69.21 2 0
github.com/chrisdoc/monkey/ast/ast.go:64.21,66.3 1 0
github.com/chrisdoc/monkey/ast/ast.go:77.40,77.41 0 0
github.com/chrisdoc/monkey/ast/ast.go:79.44,81.2 1 0
github.com/chrisdoc/monkey/ast/ast.go:83.38,83.56 1 0
github.com/chrisdoc/monkey/ast/ast.go:90.45,90.46 0 0
github.com/chrisdoc/monkey/ast/ast.go:92.50,94.2 1 0
github.com/chrisdoc/monkey/ast/ast.go:96.44,101.27 3 0
github.com/chrisdoc/monkey/ast/ast.go:105.2,107.21 2 0
github.com/chrisdoc/monkey/ast/ast.go:101.27,103.3 1 0
github.com/chrisdoc/monkey/ast/ast.go:115.49,115.50 0 0
github.com/chrisdoc/monkey/ast/ast.go:116.54,118.2 1 0
github.com/chrisdoc/monkey/ast/ast.go:120.48,121.26 1 0
github.com/chrisdoc/monkey/ast/ast.go:124.2,124.11 1 0
github.com/chrisdoc/monkey/ast/ast.go:121.26,123.3 1 0
github.com/chrisdoc/monkey/parser/parser.go:17.34,22.2 4 0
github.com/chrisdoc/monkey/parser/parser.go:24.30,27.2 2 0
github.com/chrisdoc/monkey/parser/parser.go:29.46,33.31 3 0
github.com/chrisdoc/monkey/parser/parser.go:40.2,40.16 1 0
github.com/chrisdoc/monkey/parser/parser.go:33.31,35.18 2 0
github.com/chrisdoc/monkey/parser/parser.go:38.3,38.16 1 0
github.com/chrisdoc/monkey/parser/parser.go:35.18,37.4 1 0
github.com/chrisdoc/monkey/parser/parser.go:43.49,44.25 1 0
github.com/chrisdoc/monkey/parser/parser.go:45.17,46.31 1 0
github.com/chrisdoc/monkey/parser/parser.go:47.20,48.34 1 0
github.com/chrisdoc/monkey/parser/parser.go:49.10,50.13 1 0
github.com/chrisdoc/monkey/parser/parser.go:54.62,58.37 3 0
github.com/chrisdoc/monkey/parser/parser.go:61.2,61.13 1 0
github.com/chrisdoc/monkey/parser/parser.go:58.37,60.3 1 0
github.com/chrisdoc/monkey/parser/parser.go:64.56,67.32 2 0
github.com/chrisdoc/monkey/parser/parser.go:71.2,73.33 2 0
github.com/chrisdoc/monkey/parser/parser.go:77.2,77.37 1 0
github.com/chrisdoc/monkey/parser/parser.go:81.2,81.13 1 0
github.com/chrisdoc/monkey/parser/parser.go:67.32,69.3 1 0
github.com/chrisdoc/monkey/parser/parser.go:73.33,75.3 1 0
github.com/chrisdoc/monkey/parser/parser.go:77.37,79.3 1 0
github.com/chrisdoc/monkey/parser/parser.go:84.53,86.2 1 0
github.com/chrisdoc/monkey/parser/parser.go:88.54,90.2 1 0
github.com/chrisdoc/monkey/parser/parser.go:92.53,93.22 1 0
github.com/chrisdoc/monkey/parser/parser.go:93.22,96.3 2 0
github.com/chrisdoc/monkey/parser/parser.go:96.8,99.3 2 0
github.com/chrisdoc/monkey/parser/parser.go:102.36,104.2 1 0
github.com/chrisdoc/monkey/parser/parser.go:106.47,109.2 2 0
github.com/chrisdoc/monkey/lexer/lexer.go:12.31,16.2 3 1
github.com/chrisdoc/monkey/lexer/lexer.go:18.41,23.14 3 74
github.com/chrisdoc/monkey/lexer/lexer.go:82.2,83.12 2 40
github.com/chrisdoc/monkey/lexer/lexer.go:24.11,25.26 1 5
github.com/chrisdoc/monkey/lexer/lexer.go:33.11,34.40 1 11
github.com/chrisdoc/monkey/lexer/lexer.go:35.11,36.37 1 3
github.com/chrisdoc/monkey/lexer/lexer.go:37.11,38.37 1 3
github.com/chrisdoc/monkey/lexer/lexer.go:39.11,40.37 1 3
github.com/chrisdoc/monkey/lexer/lexer.go:41.11,42.37 1 3
github.com/chrisdoc/monkey/lexer/lexer.go:43.11,44.36 1 2
github.com/chrisdoc/monkey/lexer/lexer.go:45.11,46.35 1 1
github.com/chrisdoc/monkey/lexer/lexer.go:47.11,48.36 1 1
github.com/chrisdoc/monkey/lexer/lexer.go:49.11,50.26 1 2
github.com/chrisdoc/monkey/lexer/lexer.go:58.11,59.39 1 1
github.com/chrisdoc/monkey/lexer/lexer.go:60.11,61.36 1 1
github.com/chrisdoc/monkey/lexer/lexer.go:62.11,63.33 1 2
github.com/chrisdoc/monkey/lexer/lexer.go:64.11,65.33 1 1
github.com/chrisdoc/monkey/lexer/lexer.go:66.9,68.23 2 1
github.com/chrisdoc/monkey/lexer/lexer.go:69.10,70.21 1 34
github.com/chrisdoc/monkey/lexer/lexer.go:25.26,30.4 4 1
github.com/chrisdoc/monkey/lexer/lexer.go:30.9,32.4 1 4
github.com/chrisdoc/monkey/lexer/lexer.go:50.26,55.4 4 1
github.com/chrisdoc/monkey/lexer/lexer.go:55.9,57.4 1 1
github.com/chrisdoc/monkey/lexer/lexer.go:70.21,74.4 3 22
github.com/chrisdoc/monkey/lexer/lexer.go:74.9,74.27 1 12
github.com/chrisdoc/monkey/lexer/lexer.go:74.27,78.4 3 12
github.com/chrisdoc/monkey/lexer/lexer.go:78.9,80.4 1 0
github.com/chrisdoc/monkey/lexer/lexer.go:86.37,88.20 2 12
github.com/chrisdoc/monkey/lexer/lexer.go:91.2,91.37 1 12
github.com/chrisdoc/monkey/lexer/lexer.go:88.20,90.3 1 18
github.com/chrisdoc/monkey/lexer/lexer.go:95.41,97.21 2 22
github.com/chrisdoc/monkey/lexer/lexer.go:100.2,100.37 1 22
github.com/chrisdoc/monkey/lexer/lexer.go:97.21,99.3 1 71
github.com/chrisdoc/monkey/lexer/lexer.go:103.28,104.36 1 209
github.com/chrisdoc/monkey/lexer/lexer.go:109.2,110.18 2 209
github.com/chrisdoc/monkey/lexer/lexer.go:104.36,106.3 1 2
github.com/chrisdoc/monkey/lexer/lexer.go:106.8,108.3 1 207
github.com/chrisdoc/monkey/lexer/lexer.go:113.33,114.36 1 7
github.com/chrisdoc/monkey/lexer/lexer.go:114.36,116.3 1 0
github.com/chrisdoc/monkey/lexer/lexer.go:116.8,118.3 1 7
github.com/chrisdoc/monkey/lexer/lexer.go:121.34,122.66 1 74
github.com/chrisdoc/monkey/lexer/lexer.go:122.66,124.3 1 77
github.com/chrisdoc/monkey/lexer/lexer.go:127.29,129.2 1 127
github.com/chrisdoc/monkey/lexer/lexer.go:131.28,133.2 1 42
github.com/chrisdoc/monkey/lexer/lexer.go:135.63,137.2 1 37
github.com/chrisdoc/monkey/token/token.go:61.42,62.36 1 22
github.com/chrisdoc/monkey/token/token.go:65.2,65.14 1 11
github.com/chrisdoc/monkey/token/token.go:62.36,64.3 1 11
github.com/chrisdoc/monkey/repl/repl.go:13.41,15.6 2 0
github.com/chrisdoc/monkey/repl/repl.go:15.6,18.15 3 0
github.com/chrisdoc/monkey/repl/repl.go:21.3,23.72 3 0
github.com/chrisdoc/monkey/repl/repl.go:18.15,20.4 1 0
github.com/chrisdoc/monkey/repl/repl.go:23.72,25.4 1 0
